<?xml version="1.0" encoding="UTF-8"?>
<testsuite name="com.example.flow.FlowApplicationTests" tests="1" skipped="0" failures="0" errors="0" timestamp="2023-03-23T11:08:57" hostname="HONEYB" time="0.369">
  <properties/>
  <testcase name="contextLoads()" classname="com.example.flow.FlowApplicationTests" time="0.369"/>
  <system-out><![CDATA[20:08:56.627 [Test worker] DEBUG org.springframework.boot.test.context.SpringBootTestContextBootstrapper - Neither @ContextConfiguration nor @ContextHierarchy found for test class [FlowApplicationTests]: using SpringBootContextLoader
20:08:56.631 [Test worker] DEBUG org.springframework.test.context.support.AbstractContextLoader - Could not detect default resource locations for test class [com.example.flow.FlowApplicationTests]: no resource found for suffixes {-context.xml, Context.groovy}.
20:08:56.632 [Test worker] INFO org.springframework.test.context.support.AnnotationConfigContextLoaderUtils - Could not detect default configuration classes for test class [com.example.flow.FlowApplicationTests]: FlowApplicationTests does not declare any static, non-private, non-final, nested classes annotated with @Configuration.
20:08:56.649 [Test worker] DEBUG org.springframework.boot.test.context.SpringBootTestContextBootstrapper - Using ContextCustomizers for test class [FlowApplicationTests]: [DisableObservabilityContextCustomizer, PropertyMappingContextCustomizer, Customizer, ExcludeFilterContextCustomizer, DuplicateJsonObjectContextCustomizer, MockitoContextCustomizer, TestRestTemplateContextCustomizer]
20:08:56.708 [Test worker] DEBUG org.springframework.context.annotation.ClassPathScanningCandidateComponentProvider - Identified candidate component class: file [D:\프로젝트\flow\flow\build\classes\java\main\com\example\flow\FlowApplication.class]
20:08:56.709 [Test worker] INFO org.springframework.boot.test.context.SpringBootTestContextBootstrapper - Found @SpringBootConfiguration com.example.flow.FlowApplication for test class com.example.flow.FlowApplicationTests
20:08:56.796 [Test worker] DEBUG org.springframework.test.context.util.TestContextSpringFactoriesUtils - Skipping candidate TestExecutionListener [org.springframework.test.context.transaction.TransactionalTestExecutionListener] due to a missing dependency. Specify custom TestExecutionListener classes or make the default TestExecutionListener classes and their required dependencies available. Offending class: [org/springframework/transaction/interceptor/TransactionAttributeSource]
20:08:56.797 [Test worker] DEBUG org.springframework.test.context.util.TestContextSpringFactoriesUtils - Skipping candidate TestExecutionListener [org.springframework.test.context.jdbc.SqlScriptsTestExecutionListener] due to a missing dependency. Specify custom TestExecutionListener classes or make the default TestExecutionListener classes and their required dependencies available. Offending class: [org/springframework/transaction/interceptor/TransactionAttribute]
20:08:56.798 [Test worker] DEBUG org.springframework.boot.test.context.SpringBootTestContextBootstrapper - Using TestExecutionListeners for test class [FlowApplicationTests]: [ServletTestExecutionListener, DirtiesContextBeforeModesTestExecutionListener, ApplicationEventsTestExecutionListener, MockitoTestExecutionListener, DependencyInjectionTestExecutionListener, DirtiesContextTestExecutionListener, EventPublishingTestExecutionListener, RestDocsTestExecutionListener, MockRestServiceServerResetTestExecutionListener, MockMvcPrintOnlyOnFailureTestExecutionListener, WebDriverTestExecutionListener, MockWebServiceServerTestExecutionListener, ResetMocksTestExecutionListener]
20:08:56.800 [Test worker] DEBUG org.springframework.test.context.support.AbstractDirtiesContextTestExecutionListener - Before test class: class [FlowApplicationTests], class annotated with @DirtiesContext [false] with mode [null]

  .   ____          _            __ _ _
 /\\ / ___'_ __ _ _(_)_ __  __ _ \ \ \ \
( ( )\___ | '_ | '_| | '_ \/ _` | \ \ \ \
 \\/  ___)| |_)| | | | | || (_| |  ) ) ) )
  '  |____| .__|_| |_|_| |_\__, | / / / /
 =========|_|==============|___/=/_/_/_/
 :: Spring Boot ::                (v3.0.4)

2023-03-23T20:08:57.026+09:00  INFO 10748 --- [    Test worker] com.example.flow.FlowApplicationTests    : Starting FlowApplicationTests using Java 17.0.6 with PID 10748 (started by Honey in D:\프로젝트\flow\flow)
2023-03-23T20:08:57.028+09:00  INFO 10748 --- [    Test worker] com.example.flow.FlowApplicationTests    : No active profile set, falling back to 1 default profile: "default"
2023-03-23T20:08:57.892+09:00  INFO 10748 --- [    Test worker] com.example.flow.FlowApplicationTests    : Started FlowApplicationTests in 1.053 seconds (process running for 2.017)
]]></system-out>
  <system-err><![CDATA[]]></system-err>
</testsuite>
